<?xml version="1.0" encoding="UTF-8"?>
<!-- Generated by org.testng.reporters.JUnitXMLReporter -->
<testsuite hostname="LOHLOVSPC14" name="Test" tests="15" failures="0" timestamp="20 Mar 2021 01:14:59 GMT" time="202.284" errors="0">
  <testcase name="verifyUserNamedisplaying" time="0.014" classname="com.THStest.LoginTest"/>
  <testcase name="performPortalTest" time="7.124" classname="com.THStest.PortalPageTest"/>
  <testcase name="performDisconnectsessionTest" time="9.461" classname="com.THStest.DisConnectPageTest"/>
  <testcase name="getHomePageTitleTest" time="9.139" classname="com.THStest.HomePageTest"/>
  <testcase name="verifyBascinformantionLabels" time="13.602" classname="com.THStest.BasicInformationPageTest"/>
  <testcase name="verifyLoginPageheaderTest" time="0.026" classname="com.THStest.LoginTest"/>
  <testcase name="getHomePageheaderTest" time="8.361" classname="com.THStest.HomePageTest"/>
  <testcase name="verifyBasicinfoPage" time="19.749" classname="com.THStest.BasicInformationPageTest"/>
  <testcase name="performLoginTest_validvalues" time="5.77" classname="com.THStest.LoginTest"/>
  <testcase name="verifyUserdetails" time="8.375" classname="com.THStest.HomePageTest"/>
  <testcase name="performLoginTest_invalidvalues" time="3.713" classname="com.THStest.LoginTest"/>
  <testcase name="verifyMenutabs" time="9.276" classname="com.THStest.HomePageTest"/>
  <testcase name="verifyAgencyOverideTest" time="14.053" classname="com.THStest.HomePageTest"/>
  <testcase name="verifyTHS_applicableStatesdisplaying" time="9.806" classname="com.THStest.HomePageTest"/>
  <testcase name="Select_THS_State_byDATA" time="14.125" classname="com.THStest.HomePageTest"/>
</testsuite> <!-- Test -->
