<?xml version="1.0" encoding="UTF-8"?>
<!-- Generated by org.testng.reporters.JUnitXMLReporter -->
<testsuite hostname="LOHLOVSPC14" name="Test" tests="15" failures="1" timestamp="18 Mar 2021 20:19:52 GMT" time="176.351" errors="0">
  <testcase name="verifyUserNamedisplaying" time="0.015" classname="com.THStest.LoginTest"/>
  <testcase name="performPortalTest" time="5.71" classname="com.THStest.PortalPageTest"/>
  <testcase name="performDisconnectsessionTest" time="6.593" classname="com.THStest.DisConnectPageTest"/>
  <testcase name="getHomePageTitleTest" time="12.073" classname="com.THStest.HomePageTest"/>
  <testcase name="verifyBascinformantionLabels" time="9.254" classname="com.THStest.BasicInformationPageTest"/>
  <testcase name="verifyLoginPageheaderTest" time="0.032" classname="com.THStest.LoginTest"/>
  <testcase name="getHomePageheaderTest" time="6.811" classname="com.THStest.HomePageTest"/>
  <testcase name="verifyBasicinfoPage" time="14.537" classname="com.THStest.BasicInformationPageTest">
    <failure type="org.openqa.selenium.WebDriverException" message="unknown error: Element &amp;lt;input id=&amp;quot;ember824&amp;quot; class=&amp;quot;ember-view ember-radio-button&amp;quot; type=&amp;quot;radio&amp;quot; name=&amp;quot;policyTerm|location|nearFireHydrant&amp;quot; value=&amp;quot;N&amp;quot;&amp;gt; is not clickable at point (543, 637). Other element would receive the click: &amp;lt;div class=&amp;quot;modal-backdrop&amp;quot; style=&amp;quot;z-index: 2000&amp;quot;&amp;gt;&amp;lt;/div&amp;gt;
  (Session info: chrome=89.0.4389.90)
  (Driver info: chromedriver=2.40.565498 (ea082db3280dd6843ebfb08a625e3eb905c4f5ab),platform=Windows NT 10.0.18363 x86_64) (WARNING: The server did not provide any stacktrace information)
Command duration or timeout: 0 milliseconds
Build info: version: &amp;apos;3.14.0&amp;apos;, revision: &amp;apos;aacccce0&amp;apos;, time: &amp;apos;2018-08-02T20:05:20.749Z&amp;apos;
System info: host: &amp;apos;LOHLOVSPC14&amp;apos;, ip: &amp;apos;10.5.5.5&amp;apos;, os.name: &amp;apos;Windows 10&amp;apos;, os.arch: &amp;apos;amd64&amp;apos;, os.version: &amp;apos;10.0&amp;apos;, java.version: &amp;apos;1.8.0_201&amp;apos;
Driver info: org.openqa.selenium.chrome.ChromeDriver
Capabilities {acceptInsecureCerts: false, acceptSslCerts: false, applicationCacheEnabled: false, browserConnectionEnabled: false, browserName: chrome, chrome: {chromedriverVersion: 2.40.565498 (ea082db3280dd6..., userDataDir: C:\Users\vdaru\AppData\Loca...}, cssSelectorsEnabled: true, databaseEnabled: false, handlesAlerts: true, hasTouchScreen: false, javascriptEnabled: true, locationContextEnabled: true, mobileEmulationEnabled: false, nativeEvents: true, networkConnectionEnabled: false, pageLoadStrategy: normal, platform: XP, platformName: XP, rotatable: false, setWindowRect: true, takesHeapSnapshot: true, takesScreenshot: true, unexpectedAlertBehaviour: , unhandledPromptBehavior: , version: 89.0.4389.90, webStorageEnabled: true}
Session ID: fa376f9d63d33f2e57f4a03f1ad86179">
      <![CDATA[org.openqa.selenium.WebDriverException: unknown error: Element <input id="ember824" class="ember-view ember-radio-button" type="radio" name="policyTerm|location|nearFireHydrant" value="N"> is not clickable at point (543, 637). Other element would receive the click: <div class="modal-backdrop" style="z-index: 2000"></div>
  (Session info: chrome=89.0.4389.90)
  (Driver info: chromedriver=2.40.565498 (ea082db3280dd6843ebfb08a625e3eb905c4f5ab),platform=Windows NT 10.0.18363 x86_64) (WARNING: The server did not provide any stacktrace information)
Command duration or timeout: 0 milliseconds
Build info: version: '3.14.0', revision: 'aacccce0', time: '2018-08-02T20:05:20.749Z'
System info: host: 'LOHLOVSPC14', ip: '10.5.5.5', os.name: 'Windows 10', os.arch: 'amd64', os.version: '10.0', java.version: '1.8.0_201'
Driver info: org.openqa.selenium.chrome.ChromeDriver
Capabilities {acceptInsecureCerts: false, acceptSslCerts: false, applicationCacheEnabled: false, browserConnectionEnabled: false, browserName: chrome, chrome: {chromedriverVersion: 2.40.565498 (ea082db3280dd6..., userDataDir: C:\Users\vdaru\AppData\Loca...}, cssSelectorsEnabled: true, databaseEnabled: false, handlesAlerts: true, hasTouchScreen: false, javascriptEnabled: true, locationContextEnabled: true, mobileEmulationEnabled: false, nativeEvents: true, networkConnectionEnabled: false, pageLoadStrategy: normal, platform: XP, platformName: XP, rotatable: false, setWindowRect: true, takesHeapSnapshot: true, takesScreenshot: true, unexpectedAlertBehaviour: , unhandledPromptBehavior: , version: 89.0.4389.90, webStorageEnabled: true}
Session ID: fa376f9d63d33f2e57f4a03f1ad86179
	at org.openqa.selenium.remote.ErrorHandler.createThrowable(ErrorHandler.java:214)
	at org.openqa.selenium.remote.ErrorHandler.throwIfResponseFailed(ErrorHandler.java:166)
	at org.openqa.selenium.remote.http.JsonHttpResponseCodec.reconstructValue(JsonHttpResponseCodec.java:40)
	at org.openqa.selenium.remote.http.AbstractHttpResponseCodec.decode(AbstractHttpResponseCodec.java:80)
	at org.openqa.selenium.remote.http.AbstractHttpResponseCodec.decode(AbstractHttpResponseCodec.java:44)
	at org.openqa.selenium.remote.HttpCommandExecutor.execute(HttpCommandExecutor.java:158)
	at org.openqa.selenium.remote.service.DriverCommandExecutor.execute(DriverCommandExecutor.java:83)
	at org.openqa.selenium.remote.RemoteWebDriver.execute(RemoteWebDriver.java:548)
	at org.openqa.selenium.remote.RemoteWebElement.execute(RemoteWebElement.java:276)
	at org.openqa.selenium.remote.RemoteWebElement.click(RemoteWebElement.java:83)
	at com.THSpages.BasicInformationPage.doBasicinformationPagevalidation(BasicInformationPage.java:299)
	at com.THStest.BasicInformationPageTest.verifyBasicinfoPage(BasicInformationPageTest.java:70)
... Removed 28 stack frames]]>
    </failure>
  </testcase> <!-- verifyBasicinfoPage -->
  <testcase name="performLoginTest_validvalues" time="5.895" classname="com.THStest.LoginTest"/>
  <testcase name="verifyUserdetails" time="6.218" classname="com.THStest.HomePageTest"/>
  <testcase name="performLoginTest_invalidvalues" time="3.791" classname="com.THStest.LoginTest"/>
  <testcase name="verifyMenutabs" time="7.261" classname="com.THStest.HomePageTest"/>
  <testcase name="verifyAgencyOverideTest" time="10.707" classname="com.THStest.HomePageTest"/>
  <testcase name="verifyTHS_applicableStatesdisplaying" time="8.958" classname="com.THStest.HomePageTest"/>
  <testcase name="Select_THS_State_Bydataprovided" time="9.695" classname="com.THStest.HomePageTest"/>
</testsuite> <!-- Test -->
